<?xml version="1.0" encoding="UTF-8"?>
<!-- Generated by org.testng.reporters.JUnitXMLReporter -->
<testsuite ignored="2" hostname="MSI" failures="0" tests="2" name="Test_All" time="32.26" errors="0" timestamp="2024-11-20T21:09:11 IST">
  <testcase classname="com.gtpl.testCases.TC_Login" name="verifyApplicationLoginAndLogout" time="3.743"/>
  <testcase classname="com.gtpl.testCases.TC_AllPages" name="verifyPresenceOfAllPagesInTheApplication" time="9.219"/>
  <testcase classname="com.gtpl.base.BaseClass" name="@BeforeSuite loadConfig" time="0.0">
    <ignored/>
  </testcase> <!-- @BeforeSuite loadConfig -->
  <testcase classname="com.gtpl.base.BaseClass" name="@BeforeTest invokePageObjects" time="0.0">
    <ignored/>
  </testcase> <!-- @BeforeTest invokePageObjects -->
</testsuite> <!-- Test_All -->
