<?xml version="1.0" encoding="UTF-8"?>
<testng-results ignored="0" total="2" passed="2" failed="0" skipped="0">
  <reporter-output>
  </reporter-output>
  <suite started-at="2024-11-20T21:08:39 IST" name="MultipleTestCases" finished-at="2024-11-20T21:09:11 IST" duration-ms="32260">
    <groups>
    </groups>
    <test started-at="2024-11-20T21:08:39 IST" name="Test_All" finished-at="2024-11-20T21:09:11 IST" duration-ms="32260">
      <class name="com.gtpl.testCases.TC_AllPages">
        <test-method is-config="true" signature="initialise()[pri:0, instance:com.gtpl.testCases.TC_AllPages@6f27a732]" started-at="2024-11-20T21:08:51 IST" name="initialise" finished-at="2024-11-20T21:08:59 IST" duration-ms="7883" status="PASS">
          <reporter-output>
          </reporter-output>
        </test-method> <!-- initialise -->
        <test-method signature="verifyPresenceOfAllPagesInTheApplication()[pri:1, instance:com.gtpl.testCases.TC_AllPages@6f27a732]" started-at="2024-11-20T21:08:59 IST" name="verifyPresenceOfAllPagesInTheApplication" finished-at="2024-11-20T21:09:08 IST" duration-ms="9219" status="PASS">
          <reporter-output>
          </reporter-output>
        </test-method> <!-- verifyPresenceOfAllPagesInTheApplication -->
        <test-method is-config="true" signature="teardown()[pri:0, instance:com.gtpl.testCases.TC_AllPages@6f27a732]" started-at="2024-11-20T21:09:08 IST" name="teardown" finished-at="2024-11-20T21:09:11 IST" duration-ms="2810" status="PASS">
          <reporter-output>
          </reporter-output>
        </test-method> <!-- teardown -->
      </class> <!-- com.gtpl.testCases.TC_AllPages -->
      <class name="com.gtpl.testCases.TC_Login">
        <test-method is-config="true" signature="loadConfig()[pri:0, instance:com.gtpl.testCases.TC_Login@4a668b6e]" started-at="2024-11-20T21:08:39 IST" name="loadConfig" finished-at="2024-11-20T21:08:39 IST" duration-ms="49" status="PASS">
          <reporter-output>
          </reporter-output>
        </test-method> <!-- loadConfig -->
        <test-method is-config="true" signature="invokePageObjects()[pri:0, instance:com.gtpl.testCases.TC_Login@4a668b6e]" started-at="2024-11-20T21:08:39 IST" name="invokePageObjects" finished-at="2024-11-20T21:08:39 IST" duration-ms="193" status="PASS">
          <reporter-output>
          </reporter-output>
        </test-method> <!-- invokePageObjects -->
        <test-method is-config="true" signature="initialise()[pri:0, instance:com.gtpl.testCases.TC_Login@4a668b6e]" started-at="2024-11-20T21:08:39 IST" name="initialise" finished-at="2024-11-20T21:08:46 IST" duration-ms="6656" status="PASS">
          <reporter-output>
          </reporter-output>
        </test-method> <!-- initialise -->
        <test-method signature="verifyApplicationLoginAndLogout()[pri:1, instance:com.gtpl.testCases.TC_Login@4a668b6e]" started-at="2024-11-20T21:08:46 IST" name="verifyApplicationLoginAndLogout" finished-at="2024-11-20T21:08:49 IST" duration-ms="3743" status="PASS">
          <reporter-output>
          </reporter-output>
        </test-method> <!-- verifyApplicationLoginAndLogout -->
        <test-method is-config="true" signature="teardown()[pri:0, instance:com.gtpl.testCases.TC_Login@4a668b6e]" started-at="2024-11-20T21:08:49 IST" name="teardown" finished-at="2024-11-20T21:08:51 IST" duration-ms="1724" status="PASS">
          <reporter-output>
          </reporter-output>
        </test-method> <!-- teardown -->
      </class> <!-- com.gtpl.testCases.TC_Login -->
    </test> <!-- Test_All -->
  </suite> <!-- MultipleTestCases -->
</testng-results>
